<?xml version="1.0" encoding="UTF-8"?>
<testsuite xmlns:xsi="http://www.w3.org/2001/XMLSchema-instance" xsi:noNamespaceSchemaLocation="https://maven.apache.org/surefire/maven-surefire-plugin/xsd/surefire-test-report.xsd" version="3.0.2" name="local.kip1034.dlq.news.freeform.NewsFreeformTopologyIT" time="1.191" tests="2" errors="0" skipped="0" failures="0">
  <properties>
[...]
</properties>
  <testcase name="missingCategoriesGoToAppDlqAndValidItemWindowed" classname="local.kip1034.dlq.news.freeform.NewsFreeformTopologyIT" time="1.18">
    <system-err><![CDATA[[main] WARN org.apache.kafka.streams.processor.internals.InternalTopologyBuilder - Explicit naming for internal resources is currently disabled. If you want to enforce user-defined names for all internal resources, set ensure.explicit.internal.resource.naming to true. Note: Changing internal resource names may require a full streams application reset for an already deployed application. Consult the documentation on naming operators for more details. Following changelog topic(s) has not been named: KSTREAM-AGGREGATE-STATE-STORE-0000000009-changelog
Following state store(s) has not been named: KSTREAM-AGGREGATE-STATE-STORE-0000000009
Following repartition topic(s) has not been named: KSTREAM-AGGREGATE-STATE-STORE-0000000009-repartition

[main] WARN org.apache.kafka.streams.processor.internals.StateDirectory - Using an OS temp directory in the state.dir property can cause failures with writing the checkpoint file due to the fact that this directory can be cleared by the OS. Resolved state.dir: [/var/folders/lm/yxvs_0pj12g40wrd917qlxr00000gn/T//kafka-streams]
[main] INFO org.apache.kafka.streams.processor.internals.ProcessorStateManager - topology-test-driver State store KSTREAM-AGGREGATE-STATE-STORE-0000000009 did not find checkpoint offset, hence would default to the starting offset at changelog news-ff-topology-test-KSTREAM-AGGREGATE-STATE-STORE-0000000009-changelog-0
[main] INFO org.apache.kafka.streams.processor.internals.StreamTask - stream-thread [main] task [0_0] Initialized
[main] INFO org.apache.kafka.streams.processor.internals.StreamTask - stream-thread [main] task [0_0] Restored and ready to run
[main] INFO org.apache.kafka.streams.state.internals.RocksDBTimestampedStore - Opening store KSTREAM-AGGREGATE-STATE-STORE-0000000009.1767268800000 in regular mode
[main] INFO org.apache.kafka.streams.processor.internals.StreamTask - stream-thread [main] task [0_0] Suspended from RUNNING
[main] INFO org.apache.kafka.streams.processor.internals.RecordCollectorImpl - topology-test-driver Closing record collector clean
[main] INFO org.apache.kafka.streams.processor.internals.StreamTask - stream-thread [main] task [0_0] Closed clean
[main] INFO org.apache.kafka.streams.processor.internals.StateDirectory - stream-thread [main] Deleting task directory 0_0 for 0_0 as user calling cleanup.
]]></system-err>
  </testcase>
  <testcase name="jsonNewsItemDeserializerRejectsPlainProse" classname="local.kip1034.dlq.news.freeform.NewsFreeformTopologyIT" time="0.002"/>
</testsuite>