<?xml version="1.0" encoding="UTF-8"?>
<testsuite xmlns:xsi="http://www.w3.org/2001/XMLSchema-instance" xsi:noNamespaceSchemaLocation="https://maven.apache.org/surefire/maven-surefire-plugin/xsd/surefire-test-report-3.0.xsd" version="3.0" name="com.example.kafka.assignor.RackAwareAssignorSimulationTest" time="0.03" tests="2" errors="0" skipped="0" failures="0">
  <properties>
[...]
</properties>
  <testcase name="imperfectMetadata_stillImprovesOverBaseline" classname="com.example.kafka.assignor.RackAwareAssignorSimulationTest" time="0.019">
    <system-out><![CDATA[Imperfect metadata locality (rack-aware): 80.00%
Imperfect metadata locality (baseline): 19.38%
]]></system-out>
  </testcase>
  <testcase name="perfectMetadata_outperformsBaseline" classname="com.example.kafka.assignor.RackAwareAssignorSimulationTest" time="0.002">
    <system-out><![CDATA[Locality hit rate (rack-aware): 100.00%
Locality hit rate (baseline): 33.75%
]]></system-out>
  </testcase>
</testsuite>